<testsuites>
  <errors>0</errors>
  <failures>0</failures>
  <tests>7</tests>
  <testsuite>
    <name>full</name>
    <tests>6</tests>
    <skipped>6</skipped>
    <errors>0</errors>
    <failures>0</failures>
    <testcase>
      <name>action</name>
      <classname>bgpPeerPfxPol</classname>
      <skipped></skipped>
    </testcase>
    <testcase>
      <name>descr</name>
      <classname>bgpPeerPfxPol</classname>
      <skipped></skipped>
    </testcase>
    <testcase>
      <name>maxPfx</name>
      <classname>bgpPeerPfxPol</classname>
      <skipped></skipped>
    </testcase>
    <testcase>
      <name>name</name>
      <classname>bgpPeerPfxPol</classname>
      <skipped></skipped>
    </testcase>
    <testcase>
      <name>restartTime</name>
      <classname>bgpPeerPfxPol</classname>
      <skipped></skipped>
    </testcase>
    <testcase>
      <name>thresh</name>
      <classname>bgpPeerPfxPol</classname>
      <skipped></skipped>
    </testcase>
  </testsuite>
  <testsuite>
    <name>minimal</name>
    <tests>1</tests>
    <skipped>1</skipped>
    <errors>0</errors>
    <failures>0</failures>
    <testcase>
      <name>name</name>
      <classname>bgpPeerPfxPol</classname>
      <skipped></skipped>
    </testcase>
  </testsuite>
</testsuites>